# JRE version: OpenJDK Runtime Environment (21.0.8) (build 21.0.8+-14018985-b1038.68)
# Java VM: OpenJDK 64-Bit Server VM (21.0.8+-14018985-b1038.68, mixed mode, tiered, compressed oops, compressed class ptrs, parallel gc, windows-amd64)
GC Precious Log:
 CardTable entry size: 512
 CPUs: 4 total, 4 available
 Memory: 8072M
 Large Page Support: Disabled
 NUMA Support: Disabled
 Compressed Oops: Enabled (32-bit)
 Alignments: Space 512K, Generation 512K, Heap 2M
 Heap Min Capacity: 100M
 Heap Initial Capacity: 100M
 Heap Max Capacity: 2G
 Pre-touch: Disabled
 Parallel Workers: 4
Heap:
 PSYoungGen      total 20992K, used 10601K [0x00000000d5580000, 0x00000000d6b00000, 0x0000000100000000)
  eden space 20480K, 51% used [0x00000000d5580000,0x00000000d5fba6e8,0x00000000d6980000)
  from space 512K, 25% used [0x00000000d6a80000,0x00000000d6aa0000,0x00000000d6b00000)
  to   space 512K, 0% used [0x00000000d6a00000,0x00000000d6a00000,0x00000000d6a80000)
 ParOldGen       total 68608K, used 40653K [0x0000000080000000, 0x0000000084300000, 0x00000000d5580000)
  object space 68608K, 59% used [0x0000000080000000,0x00000000827b36e8,0x0000000084300000)
 Metaspace       used 70489K, committed 71616K, reserved 1114112K
  class space    used 7666K, committed 8192K, reserved 1048576K
GC Heap History (20 events):
Event: 42.450 GC heap before
{Heap before GC invocations=34 (full 3):
 PSYoungGen      total 22016K, used 22000K [0x00000000d5580000, 0x00000000d6e00000, 0x0000000100000000)
  eden space 20992K, 100% used [0x00000000d5580000,0x00000000d6a00000,0x00000000d6a00000)
  from space 1024K, 98% used [0x00000000d6c00000,0x00000000d6cfc030,0x00000000d6d00000)
  to   space 2048K, 0% used [0x00000000d6a00000,0x00000000d6a00000,0x00000000d6c00000)
 ParOldGen       total 68608K, used 35186K [0x0000000080000000, 0x0000000084300000, 0x00000000d5580000)
  object space 68608K, 51% used [0x0000000080000000,0x000000008225c8f0,0x0000000084300000)
 Metaspace       used 68910K, committed 70016K, reserved 1114112K
  class space    used 7575K, committed 8064K, reserved 1048576K
}
Event: 42.452 GC heap after
{Heap after GC invocations=34 (full 3):
 PSYoungGen      total 22016K, used 864K [0x00000000d5580000, 0x00000000d6d00000, 0x0000000100000000)
  eden space 20992K, 0% used [0x00000000d5580000,0x00000000d5580000,0x00000000d6a00000)
  from space 1024K, 84% used [0x00000000d6a00000,0x00000000d6ad8010,0x00000000d6b00000)
  to   space 1536K, 0% used [0x00000000d6b80000,0x00000000d6b80000,0x00000000d6d00000)
 ParOldGen       total 68608K, used 35866K [0x0000000080000000, 0x0000000084300000, 0x00000000d5580000)
  object space 68608K, 52% used [0x0000000080000000,0x00000000823069d0,0x0000000084300000)
 Metaspace       used 68910K, committed 70016K, reserved 1114112K
  class space    used 7575K, committed 8064K, reserved 1048576K
}
Event: 42.970 GC heap before
{Heap before GC invocations=35 (full 3):
 PSYoungGen      total 22016K, used 21856K [0x00000000d5580000, 0x00000000d6d00000, 0x0000000100000000)
  eden space 20992K, 100% used [0x00000000d5580000,0x00000000d6a00000,0x00000000d6a00000)
  from space 1024K, 84% used [0x00000000d6a00000,0x00000000d6ad8010,0x00000000d6b00000)
  to   space 1536K, 0% used [0x00000000d6b80000,0x00000000d6b80000,0x00000000d6d00000)
 ParOldGen       total 68608K, used 35866K [0x0000000080000000, 0x0000000084300000, 0x00000000d5580000)
  object space 68608K, 52% used [0x0000000080000000,0x00000000823069d0,0x0000000084300000)
 Metaspace       used 68917K, committed 70016K, reserved 1114112K
  class space    used 7576K, committed 8064K, reserved 1048576K
}
Event: 42.972 GC heap after
{Heap after GC invocations=35 (full 3):
 PSYoungGen      total 21504K, used 368K [0x00000000d5580000, 0x00000000d6c00000, 0x0000000100000000)
  eden space 20992K, 0% used [0x00000000d5580000,0x00000000d5580000,0x00000000d6a00000)
  from space 512K, 71% used [0x00000000d6b80000,0x00000000d6bdc078,0x00000000d6c00000)
  to   space 1024K, 0% used [0x00000000d6a00000,0x00000000d6a00000,0x00000000d6b00000)
 ParOldGen       total 68608K, used 36618K [0x0000000080000000, 0x0000000084300000, 0x00000000d5580000)
  object space 68608K, 53% used [0x0000000080000000,0x00000000823c29e0,0x0000000084300000)
 Metaspace       used 68917K, committed 70016K, reserved 1114112K
  class space    used 7576K, committed 8064K, reserved 1048576K
}
Event: 43.360 GC heap before
{Heap before GC invocations=36 (full 3):
 PSYoungGen      total 21504K, used 21345K [0x00000000d5580000, 0x00000000d6c00000, 0x0000000100000000)
  eden space 20992K, 99% used [0x00000000d5580000,0x00000000d69fc4c0,0x00000000d6a00000)
  from space 512K, 71% used [0x00000000d6b80000,0x00000000d6bdc078,0x00000000d6c00000)
  to   space 1024K, 0% used [0x00000000d6a00000,0x00000000d6a00000,0x00000000d6b00000)
 ParOldGen       total 68608K, used 36618K [0x0000000080000000, 0x0000000084300000, 0x00000000d5580000)
  object space 68608K, 53% used [0x0000000080000000,0x00000000823c29e0,0x0000000084300000)
 Metaspace       used 68921K, committed 70016K, reserved 1114112K
  class space    used 7576K, committed 8064K, reserved 1048576K
}
Event: 43.361 GC heap after
{Heap after GC invocations=36 (full 3):
 PSYoungGen      total 22016K, used 144K [0x00000000d5580000, 0x00000000d6c00000, 0x0000000100000000)
  eden space 20992K, 0% used [0x00000000d5580000,0x00000000d5580000,0x00000000d6a00000)
  from space 1024K, 14% used [0x00000000d6a00000,0x00000000d6a24028,0x00000000d6b00000)
  to   space 512K, 0% used [0x00000000d6b80000,0x00000000d6b80000,0x00000000d6c00000)
 ParOldGen       total 68608K, used 36686K [0x0000000080000000, 0x0000000084300000, 0x00000000d5580000)
  object space 68608K, 53% used [0x0000000080000000,0x00000000823d3ae0,0x0000000084300000)
 Metaspace       used 68921K, committed 70016K, reserved 1114112K
  class space    used 7576K, committed 8064K, reserved 1048576K
}
Event: 45.001 GC heap before
{Heap before GC invocations=37 (full 3):
 PSYoungGen      total 22016K, used 21136K [0x00000000d5580000, 0x00000000d6c00000, 0x0000000100000000)
  eden space 20992K, 100% used [0x00000000d5580000,0x00000000d6a00000,0x00000000d6a00000)
  from space 1024K, 14% used [0x00000000d6a00000,0x00000000d6a24028,0x00000000d6b00000)
  to   space 512K, 0% used [0x00000000d6b80000,0x00000000d6b80000,0x00000000d6c00000)
 ParOldGen       total 68608K, used 36686K [0x0000000080000000, 0x0000000084300000, 0x00000000d5580000)
  object space 68608K, 53% used [0x0000000080000000,0x00000000823d3ae0,0x0000000084300000)
 Metaspace       used 69848K, committed 71040K, reserved 1114112K
  class space    used 7665K, committed 8192K, reserved 1048576K
}
Event: 45.003 GC heap after
{Heap after GC invocations=37 (full 3):
 PSYoungGen      total 20992K, used 501K [0x00000000d5580000, 0x00000000d6e00000, 0x0000000100000000)
  eden space 20480K, 0% used [0x00000000d5580000,0x00000000d5580000,0x00000000d6980000)
  from space 512K, 97% used [0x00000000d6b80000,0x00000000d6bfd4a8,0x00000000d6c00000)
  to   space 2048K, 0% used [0x00000000d6980000,0x00000000d6980000,0x00000000d6b80000)
 ParOldGen       total 68608K, used 37634K [0x0000000080000000, 0x0000000084300000, 0x00000000d5580000)
  object space 68608K, 54% used [0x0000000080000000,0x00000000824c0890,0x0000000084300000)
 Metaspace       used 69848K, committed 71040K, reserved 1114112K
  class space    used 7665K, committed 8192K, reserved 1048576K
}
Event: 47.281 GC heap before
{Heap before GC invocations=38 (full 3):
 PSYoungGen      total 20992K, used 20981K [0x00000000d5580000, 0x00000000d6e00000, 0x0000000100000000)
  eden space 20480K, 100% used [0x00000000d5580000,0x00000000d6980000,0x00000000d6980000)
  from space 512K, 97% used [0x00000000d6b80000,0x00000000d6bfd4a8,0x00000000d6c00000)
  to   space 2048K, 0% used [0x00000000d6980000,0x00000000d6980000,0x00000000d6b80000)
 ParOldGen       total 68608K, used 37634K [0x0000000080000000, 0x0000000084300000, 0x00000000d5580000)
  object space 68608K, 54% used [0x0000000080000000,0x00000000824c0890,0x0000000084300000)
 Metaspace       used 69970K, committed 71104K, reserved 1114112K
  class space    used 7665K, committed 8192K, reserved 1048576K
}
Event: 47.282 GC heap after
{Heap after GC invocations=38 (full 3):
 PSYoungGen      total 21504K, used 640K [0x00000000d5580000, 0x00000000d6c00000, 0x0000000100000000)
  eden space 20480K, 0% used [0x00000000d5580000,0x00000000d5580000,0x00000000d6980000)
  from space 1024K, 62% used [0x00000000d6980000,0x00000000d6a20020,0x00000000d6a80000)
  to   space 1024K, 0% used [0x00000000d6b00000,0x00000000d6b00000,0x00000000d6c00000)
 ParOldGen       total 68608K, used 38132K [0x0000000080000000, 0x0000000084300000, 0x00000000d5580000)
  object space 68608K, 55% used [0x0000000080000000,0x000000008253d300,0x0000000084300000)
 Metaspace       used 69970K, committed 71104K, reserved 1114112K
  class space    used 7665K, committed 8192K, reserved 1048576K
}
Event: 49.603 GC heap before
{Heap before GC invocations=39 (full 3):
 PSYoungGen      total 21504K, used 21119K [0x00000000d5580000, 0x00000000d6c00000, 0x0000000100000000)
  eden space 20480K, 99% used [0x00000000d5580000,0x00000000d697ffd0,0x00000000d6980000)
  from space 1024K, 62% used [0x00000000d6980000,0x00000000d6a20020,0x00000000d6a80000)
  to   space 1024K, 0% used [0x00000000d6b00000,0x00000000d6b00000,0x00000000d6c00000)
 ParOldGen       total 68608K, used 38132K [0x0000000080000000, 0x0000000084300000, 0x00000000d5580000)
  object space 68608K, 55% used [0x0000000080000000,0x000000008253d300,0x0000000084300000)
 Metaspace       used 70146K, committed 71296K, reserved 1114112K
  class space    used 7665K, committed 8192K, reserved 1048576K
}
Event: 49.605 GC heap after
{Heap after GC invocations=39 (full 3):
 PSYoungGen      total 21504K, used 640K [0x00000000d5580000, 0x00000000d6c00000, 0x0000000100000000)
  eden space 20480K, 0% used [0x00000000d5580000,0x00000000d5580000,0x00000000d6980000)
  from space 1024K, 62% used [0x00000000d6b00000,0x00000000d6ba0000,0x00000000d6c00000)
  to   space 1024K, 0% used [0x00000000d6980000,0x00000000d6980000,0x00000000d6a80000)
 ParOldGen       total 68608K, used 38460K [0x0000000080000000, 0x0000000084300000, 0x00000000d5580000)
  object space 68608K, 56% used [0x0000000080000000,0x000000008258f300,0x0000000084300000)
 Metaspace       used 70146K, committed 71296K, reserved 1114112K
  class space    used 7665K, committed 8192K, reserved 1048576K
}
Event: 51.199 GC heap before
{Heap before GC invocations=40 (full 3):
 PSYoungGen      total 21504K, used 21120K [0x00000000d5580000, 0x00000000d6c00000, 0x0000000100000000)
  eden space 20480K, 100% used [0x00000000d5580000,0x00000000d6980000,0x00000000d6980000)
  from space 1024K, 62% used [0x00000000d6b00000,0x00000000d6ba0000,0x00000000d6c00000)
  to   space 1024K, 0% used [0x00000000d6980000,0x00000000d6980000,0x00000000d6a80000)
 ParOldGen       total 68608K, used 38460K [0x0000000080000000, 0x0000000084300000, 0x00000000d5580000)
  object space 68608K, 56% used [0x0000000080000000,0x000000008258f300,0x0000000084300000)
 Metaspace       used 70201K, committed 71296K, reserved 1114112K
  class space    used 7665K, committed 8192K, reserved 1048576K
}
Event: 51.201 GC heap after
{Heap after GC invocations=40 (full 3):
 PSYoungGen      total 21504K, used 800K [0x00000000d5580000, 0x00000000d6b80000, 0x0000000100000000)
  eden space 20480K, 0% used [0x00000000d5580000,0x00000000d5580000,0x00000000d6980000)
  from space 1024K, 78% used [0x00000000d6980000,0x00000000d6a48000,0x00000000d6a80000)
  to   space 1024K, 0% used [0x00000000d6a80000,0x00000000d6a80000,0x00000000d6b80000)
 ParOldGen       total 68608K, used 38924K [0x0000000080000000, 0x0000000084300000, 0x00000000d5580000)
  object space 68608K, 56% used [0x0000000080000000,0x0000000082603300,0x0000000084300000)
 Metaspace       used 70201K, committed 71296K, reserved 1114112K
  class space    used 7665K, committed 8192K, reserved 1048576K
}
Event: 52.594 GC heap before
{Heap before GC invocations=41 (full 3):
 PSYoungGen      total 21504K, used 21280K [0x00000000d5580000, 0x00000000d6b80000, 0x0000000100000000)
  eden space 20480K, 100% used [0x00000000d5580000,0x00000000d6980000,0x00000000d6980000)
  from space 1024K, 78% used [0x00000000d6980000,0x00000000d6a48000,0x00000000d6a80000)
  to   space 1024K, 0% used [0x00000000d6a80000,0x00000000d6a80000,0x00000000d6b80000)
 ParOldGen       total 68608K, used 38924K [0x0000000080000000, 0x0000000084300000, 0x00000000d5580000)
  object space 68608K, 56% used [0x0000000080000000,0x0000000082603300,0x0000000084300000)
 Metaspace       used 70301K, committed 71424K, reserved 1114112K
  class space    used 7665K, committed 8192K, reserved 1048576K
}
Event: 52.596 GC heap after
{Heap after GC invocations=41 (full 3):
 PSYoungGen      total 21504K, used 896K [0x00000000d5580000, 0x00000000d6b80000, 0x0000000100000000)
  eden space 20480K, 0% used [0x00000000d5580000,0x00000000d5580000,0x00000000d6980000)
  from space 1024K, 87% used [0x00000000d6a80000,0x00000000d6b60000,0x00000000d6b80000)
  to   space 1024K, 0% used [0x00000000d6980000,0x00000000d6980000,0x00000000d6a80000)
 ParOldGen       total 68608K, used 39532K [0x0000000080000000, 0x0000000084300000, 0x00000000d5580000)
  object space 68608K, 57% used [0x0000000080000000,0x000000008269b300,0x0000000084300000)
 Metaspace       used 70301K, committed 71424K, reserved 1114112K
  class space    used 7665K, committed 8192K, reserved 1048576K
}
Event: 55.712 GC heap before
{Heap before GC invocations=42 (full 3):
 PSYoungGen      total 21504K, used 21375K [0x00000000d5580000, 0x00000000d6b80000, 0x0000000100000000)
  eden space 20480K, 99% used [0x00000000d5580000,0x00000000d697fe60,0x00000000d6980000)
  from space 1024K, 87% used [0x00000000d6a80000,0x00000000d6b60000,0x00000000d6b80000)
  to   space 1024K, 0% used [0x00000000d6980000,0x00000000d6980000,0x00000000d6a80000)
 ParOldGen       total 68608K, used 39532K [0x0000000080000000, 0x0000000084300000, 0x00000000d5580000)
  object space 68608K, 57% used [0x0000000080000000,0x000000008269b300,0x0000000084300000)
 Metaspace       used 70470K, committed 71616K, reserved 1114112K
  class space    used 7665K, committed 8192K, reserved 1048576K
}
Event: 55.714 GC heap after
{Heap after GC invocations=42 (full 3):
 PSYoungGen      total 21504K, used 704K [0x00000000d5580000, 0x00000000d6b80000, 0x0000000100000000)
  eden space 20480K, 0% used [0x00000000d5580000,0x00000000d5580000,0x00000000d6980000)
  from space 1024K, 68% used [0x00000000d6980000,0x00000000d6a30030,0x00000000d6a80000)
  to   space 1024K, 0% used [0x00000000d6a80000,0x00000000d6a80000,0x00000000d6b80000)
 ParOldGen       total 68608K, used 40019K [0x0000000080000000, 0x0000000084300000, 0x00000000d5580000)
  object space 68608K, 58% used [0x0000000080000000,0x0000000082714d98,0x0000000084300000)
 Metaspace       used 70470K, committed 71616K, reserved 1114112K
  class space    used 7665K, committed 8192K, reserved 1048576K
}
Event: 56.386 GC heap before
{Heap before GC invocations=43 (full 3):
 PSYoungGen      total 21504K, used 21184K [0x00000000d5580000, 0x00000000d6b80000, 0x0000000100000000)
  eden space 20480K, 100% used [0x00000000d5580000,0x00000000d6980000,0x00000000d6980000)
  from space 1024K, 68% used [0x00000000d6980000,0x00000000d6a30030,0x00000000d6a80000)
  to   space 1024K, 0% used [0x00000000d6a80000,0x00000000d6a80000,0x00000000d6b80000)
 ParOldGen       total 68608K, used 40019K [0x0000000080000000, 0x0000000084300000, 0x00000000d5580000)
  object space 68608K, 58% used [0x0000000080000000,0x0000000082714d98,0x0000000084300000)
 Metaspace       used 70474K, committed 71616K, reserved 1114112K
  class space    used 7665K, committed 8192K, reserved 1048576K
}
Event: 56.388 GC heap after
{Heap after GC invocations=43 (full 3):
 PSYoungGen      total 20992K, used 128K [0x00000000d5580000, 0x00000000d6b00000, 0x0000000100000000)
  eden space 20480K, 0% used [0x00000000d5580000,0x00000000d5580000,0x00000000d6980000)
  from space 512K, 25% used [0x00000000d6a80000,0x00000000d6aa0000,0x00000000d6b00000)
  to   space 512K, 0% used [0x00000000d6a00000,0x00000000d6a00000,0x00000000d6a80000)
 ParOldGen       total 68608K, used 40653K [0x0000000080000000, 0x0000000084300000, 0x00000000d5580000)
  object space 68608K, 59% used [0x0000000080000000,0x00000000827b36e8,0x0000000084300000)
 Metaspace       used 70474K, committed 71616K, reserved 1114112K
  class space    used 7665K, committed 8192K, reserved 1048576K
}

